2022-05-23 15:22:08-log: [Package] menu@1.0.0 enable
2022-05-23 15:22:08-log: [Package] profile@1.0.0 enable
2022-05-23 15:22:08-log: [Package] project@1.0.1 enable
2022-05-23 15:22:08-log: [Package] messages@1.0.0 enable
2022-05-23 15:22:08-log: [Package] program@1.0.0 enable
2022-05-23 15:22:08-log: [Package] device@1.0.1 enable
2022-05-23 15:22:08-log: [Package] ui-kit@1.0.1 enable
2022-05-23 15:22:08-log: [Package] tester@1.0.0 enable
2022-05-23 15:22:08-log: [Package] preferences@1.0.0 enable
2022-05-23 15:22:09-log: Setup mods mgr.: 326.409ms
2022-05-23 15:22:09-log: Profile changed: engine (modules.includeModules: 2d,3d,audio,base,dragon-bones,gfx-webgl,gfx-webgl2,intersection-2d,marionette,particle,particle-2d,physics-2d-box2d,physics-ammo,primitive,profiler,spine,terrain,tiled-map,tween,ui,video,webview)
2022-05-23 15:22:09-log: [Package] engine@1.0.5 enable
2022-05-23 15:22:11-log: [Package] programming@1.0.0 enable
2022-05-23 15:22:12-log: [Package] engine-extends@1.0.0 enable
2022-05-23 15:22:12-log: [Package] asset-db@1.0.0 enable
2022-05-23 15:22:12-log: [Package] console@1.0.0 enable
2022-05-23 15:22:12-log: [Package] scene@1.0.0 enable
2022-05-23 15:22:12-log: [Package] about@1.0.0 enable
2022-05-23 15:22:12-log: [Package] server@1.0.0 enable
2022-05-23 15:22:12-warn: Server: Port 7456 is occupied
2022-05-23 15:22:12-log: [Package] inspector@1.0.0 enable
2022-05-23 15:22:12-log: [Package] hierarchy@1.0.0 enable
2022-05-23 15:22:14-log: [Package] preview@1.0.1 enable
2022-05-23 15:22:14-log: [Package] animator@1.0.0 enable
2022-05-23 15:22:15-log: [Package] builder@1.3.1 enable
2022-05-23 15:22:15-log: [Package] node-library@1.0.0 enable
2022-05-23 15:22:15-log: [Package] shortcuts@1.0.1 enable
2022-05-23 15:22:15-log: [Package] package-asset@1.0.0 enable
2022-05-23 15:22:15-log: [Package] reference-image@1.0.0 enable
2022-05-23 15:22:15-log: [Package] animation-graph@1.0.0 enable
2022-05-23 15:22:15-log: [Package] channel-upload-tools@1.0.0 enable
2022-05-23 15:22:15-log: [Package] runtime-dev-tools@1.0.0 enable
2022-05-23 15:22:15-log: [Package] lightmap@1.0.4 enable
2022-05-23 15:22:15-log: [Package] alipay-mini-game@1.0.0 enable
2022-05-23 15:22:15-log: [Package] android@1.0.0 enable
2022-05-23 15:22:15-log: [Package] baidu-mini-game@1.0.0 enable
2022-05-23 15:22:15-log: [Package] bytedance-mini-game@1.0.1 enable
2022-05-23 15:22:15-log: [Package] huawei-agc@1.0.0 enable
2022-05-23 15:22:15-log: [Package] ios@1.0.0 enable
2022-05-23 15:22:15-log: [Package] ios-app-clip@1.0.0 enable
2022-05-23 15:22:15-log: [Package] mac@1.0.0 enable
2022-05-23 15:22:15-log: [Package] native@1.0.0 enable
2022-05-23 15:22:15-log: [Package] ohos@1.0.0 enable
2022-05-23 15:22:15-log: [Package] web-desktop@1.0.0 enable
2022-05-23 15:22:16-log: [Package] web-mobile@1.0.0 enable
2022-05-23 15:22:16-log: [Package] wechatgame@1.0.1 enable
2022-05-23 15:22:16-log: [Package] windows@1.0.0 enable
2022-05-23 15:22:16-log: [Package] xiaomi-quick-game@1.0.0 enable
2022-05-23 15:22:16-log: [Package] cocos-play@1.0.0 enable
2022-05-23 15:22:16-log: [Package] huawei-quick-game@1.0.0 enable
2022-05-23 15:22:16-log: [Package] link-sure@1.0.0 enable
2022-05-23 15:22:16-log: [Package] oppo-mini-game@1.0.0 enable
2022-05-23 15:22:16-log: [Package] qtt@1.0.0 enable
2022-05-23 15:22:16-log: [Package] vivo-mini-game@1.0.0 enable
2022-05-23 15:22:16-log: [Package] cocos-service@3.0.2 enable
2022-05-23 15:22:16-log: [Package] importer@1.0.0 enable
2022-05-23 15:22:16-log: [Package] extension@3.0.15 enable
2022-05-23 15:22:17-log: [Im-plugin] Check im-plugin version.
2022-05-23 15:22:17-log: [Package] im-plugin@3.0.8 enable
2022-05-23 15:22:18-log: [Im-plugin] No online info of im-plugin.
2022-05-23 15:22:20-warn: Browserslist: caniuse-lite is outdated. Please run:
npx browserslist@latest --update-db

Why you should do it regularly:
https://github.com/browserslist/browserslist#browsers-data-updating
2022-05-23 15:22:20-log: [Scene] Cocos Creator v3.4.2
2022-05-23 15:22:20-info: [Scene] Forward render pipeline initialized.
2022-05-23 21:44:14-error: [Preview]unhandledrejection: it._reelStopCB is not a function
2022-05-23 21:44:14-error: [Preview]TypeError: it._reelStopCB is not a function
    at http://localhost:7457/scripting/x/mods/fs/0/assets/scripts/Table.js:66:18
    at new Promise (<anonymous>)
    at http://localhost:7457/scripting/x/mods/fs/0/assets/scripts/Table.js:63:36
    at Array.forEach (<anonymous>)
    at Table.spin (http://localhost:7457/scripting/x/mods/fs/0/assets/scripts/Table.js:62:23)
    at EventHandler.emit (http://localhost:7457/scripting/engine/bin/.cache/dev/preview/bundled/index.js:109669:19)
    at Function.emitEvents (http://localhost:7457/scripting/engine/bin/.cache/dev/preview/bundled/index.js:109614:19)
    at Button._onTouchEnded (http://localhost:7457/scripting/engine/bin/.cache/dev/preview/bundled/index.js:40552:35)
    at CallbacksInvoker.emit (http://localhost:7457/scripting/engine/bin/.cache/dev/preview/bundled/index.js:109378:28)
    at NodeEventProcessor.dispatchEvent (http://localhost:7457/scripting/engine/bin/.cache/dev/preview/bundled/index.js:143649:33)
2022-05-23 22:26:15-error: [Preview]unhandledrejection: undefined
2022-05-23 22:26:15-error: [Preview]undefined
2022-05-23 22:30:24-error: [Preview]unhandledrejection: undefined
2022-05-23 22:30:24-error: [Preview]undefined
2022-05-23 23:09:16-error: [Preview]unhandledrejection: Cannot read properties of undefined (reading '_reels')
2022-05-23 23:09:16-error: [Preview]TypeError: Cannot read properties of undefined (reading '_reels')
    at http://localhost:7457/scripting/x/mods/fs/0/assets/scripts/Table.js:92:20
    at new Promise (<anonymous>)
    at promise1 (http://localhost:7457/scripting/x/mods/fs/0/assets/scripts/Table.js:91:20)
2022-05-23 23:09:45-error: [Preview]unhandledrejection: Cannot read properties of undefined (reading '_reels')
2022-05-23 23:09:45-error: [Preview]TypeError: Cannot read properties of undefined (reading '_reels')
    at http://localhost:7457/scripting/x/mods/fs/0/assets/scripts/Table.js:92:20
    at new Promise (<anonymous>)
    at promise1 (http://localhost:7457/scripting/x/mods/fs/0/assets/scripts/Table.js:91:20)
2022-05-23 23:30:34-error: [Preview]unhandledrejection: Cannot read properties of undefined (reading '_reels')
2022-05-23 23:30:34-error: [Preview]TypeError: Cannot read properties of undefined (reading '_reels')
    at http://localhost:7457/scripting/x/mods/fs/0/assets/scripts/Table.js:85:18
    at new Promise (<anonymous>)
    at Table.orderSpin (http://localhost:7457/scripting/x/mods/fs/0/assets/scripts/Table.js:84:26)
    at EventHandler.emit (http://localhost:7457/scripting/engine/bin/.cache/dev/preview/bundled/index.js:109669:19)
    at Function.emitEvents (http://localhost:7457/scripting/engine/bin/.cache/dev/preview/bundled/index.js:109614:19)
    at Button._onTouchEnded (http://localhost:7457/scripting/engine/bin/.cache/dev/preview/bundled/index.js:40552:35)
    at CallbacksInvoker.emit (http://localhost:7457/scripting/engine/bin/.cache/dev/preview/bundled/index.js:109378:28)
    at NodeEventProcessor.dispatchEvent (http://localhost:7457/scripting/engine/bin/.cache/dev/preview/bundled/index.js:143649:33)
    at Node.dispatchEvent (http://localhost:7457/scripting/engine/bin/.cache/dev/preview/bundled/index.js:142170:32)
    at NodeEventProcessor._handleTouchEnd (http://localhost:7457/scripting/engine/bin/.cache/dev/preview/bundled/index.js:143932:16)
2022-05-23 23:30:34-error: [Preview]unhandledrejection: Cannot read properties of undefined (reading '_reels')
2022-05-23 23:30:34-error: [Preview]TypeError: Cannot read properties of undefined (reading '_reels')
    at http://localhost:7457/scripting/x/mods/fs/0/assets/scripts/Table.js:90:18
    at new Promise (<anonymous>)
    at Table.orderSpin (http://localhost:7457/scripting/x/mods/fs/0/assets/scripts/Table.js:89:26)
    at EventHandler.emit (http://localhost:7457/scripting/engine/bin/.cache/dev/preview/bundled/index.js:109669:19)
    at Function.emitEvents (http://localhost:7457/scripting/engine/bin/.cache/dev/preview/bundled/index.js:109614:19)
    at Button._onTouchEnded (http://localhost:7457/scripting/engine/bin/.cache/dev/preview/bundled/index.js:40552:35)
    at CallbacksInvoker.emit (http://localhost:7457/scripting/engine/bin/.cache/dev/preview/bundled/index.js:109378:28)
    at NodeEventProcessor.dispatchEvent (http://localhost:7457/scripting/engine/bin/.cache/dev/preview/bundled/index.js:143649:33)
    at Node.dispatchEvent (http://localhost:7457/scripting/engine/bin/.cache/dev/preview/bundled/index.js:142170:32)
    at NodeEventProcessor._handleTouchEnd (http://localhost:7457/scripting/engine/bin/.cache/dev/preview/bundled/index.js:143932:16)
2022-05-23 23:30:34-error: [Preview]unhandledrejection: Cannot read properties of undefined (reading '_reels')
2022-05-23 23:30:34-error: [Preview]TypeError: Cannot read properties of undefined (reading '_reels')
    at http://localhost:7457/scripting/x/mods/fs/0/assets/scripts/Table.js:95:18
    at new Promise (<anonymous>)
    at Table.orderSpin (http://localhost:7457/scripting/x/mods/fs/0/assets/scripts/Table.js:94:26)
    at EventHandler.emit (http://localhost:7457/scripting/engine/bin/.cache/dev/preview/bundled/index.js:109669:19)
    at Function.emitEvents (http://localhost:7457/scripting/engine/bin/.cache/dev/preview/bundled/index.js:109614:19)
    at Button._onTouchEnded (http://localhost:7457/scripting/engine/bin/.cache/dev/preview/bundled/index.js:40552:35)
    at CallbacksInvoker.emit (http://localhost:7457/scripting/engine/bin/.cache/dev/preview/bundled/index.js:109378:28)
    at NodeEventProcessor.dispatchEvent (http://localhost:7457/scripting/engine/bin/.cache/dev/preview/bundled/index.js:143649:33)
    at Node.dispatchEvent (http://localhost:7457/scripting/engine/bin/.cache/dev/preview/bundled/index.js:142170:32)
    at NodeEventProcessor._handleTouchEnd (http://localhost:7457/scripting/engine/bin/.cache/dev/preview/bundled/index.js:143932:16)
2022-05-23 23:30:34-error: [Preview]unhandledrejection: Cannot read properties of undefined (reading '_reels')
2022-05-23 23:30:34-error: [Preview]TypeError: Cannot read properties of undefined (reading '_reels')
    at http://localhost:7457/scripting/x/mods/fs/0/assets/scripts/Table.js:100:18
    at new Promise (<anonymous>)
    at Table.orderSpin (http://localhost:7457/scripting/x/mods/fs/0/assets/scripts/Table.js:99:26)
    at EventHandler.emit (http://localhost:7457/scripting/engine/bin/.cache/dev/preview/bundled/index.js:109669:19)
    at Function.emitEvents (http://localhost:7457/scripting/engine/bin/.cache/dev/preview/bundled/index.js:109614:19)
    at Button._onTouchEnded (http://localhost:7457/scripting/engine/bin/.cache/dev/preview/bundled/index.js:40552:35)
    at CallbacksInvoker.emit (http://localhost:7457/scripting/engine/bin/.cache/dev/preview/bundled/index.js:109378:28)
    at NodeEventProcessor.dispatchEvent (http://localhost:7457/scripting/engine/bin/.cache/dev/preview/bundled/index.js:143649:33)
    at Node.dispatchEvent (http://localhost:7457/scripting/engine/bin/.cache/dev/preview/bundled/index.js:142170:32)
    at NodeEventProcessor._handleTouchEnd (http://localhost:7457/scripting/engine/bin/.cache/dev/preview/bundled/index.js:143932:16)
2022-05-23 23:30:34-error: [Preview]unhandledrejection: Cannot read properties of undefined (reading '_reels')
2022-05-23 23:30:34-error: [Preview]TypeError: Cannot read properties of undefined (reading '_reels')
    at http://localhost:7457/scripting/x/mods/fs/0/assets/scripts/Table.js:80:18
    at new Promise (<anonymous>)
    at Table.orderSpin (http://localhost:7457/scripting/x/mods/fs/0/assets/scripts/Table.js:79:26)
    at EventHandler.emit (http://localhost:7457/scripting/engine/bin/.cache/dev/preview/bundled/index.js:109669:19)
    at Function.emitEvents (http://localhost:7457/scripting/engine/bin/.cache/dev/preview/bundled/index.js:109614:19)
    at Button._onTouchEnded (http://localhost:7457/scripting/engine/bin/.cache/dev/preview/bundled/index.js:40552:35)
    at CallbacksInvoker.emit (http://localhost:7457/scripting/engine/bin/.cache/dev/preview/bundled/index.js:109378:28)
    at NodeEventProcessor.dispatchEvent (http://localhost:7457/scripting/engine/bin/.cache/dev/preview/bundled/index.js:143649:33)
    at Node.dispatchEvent (http://localhost:7457/scripting/engine/bin/.cache/dev/preview/bundled/index.js:142170:32)
    at NodeEventProcessor._handleTouchEnd (http://localhost:7457/scripting/engine/bin/.cache/dev/preview/bundled/index.js:143932:16)
2022-05-23 23:31:17-error: [Preview]unhandledrejection: Cannot read properties of undefined (reading '_reels')
2022-05-23 23:31:17-error: [Preview]TypeError: Cannot read properties of undefined (reading '_reels')
    at http://localhost:7457/scripting/x/mods/fs/0/assets/scripts/Table.js:85:18
    at new Promise (<anonymous>)
    at Table.orderSpin (http://localhost:7457/scripting/x/mods/fs/0/assets/scripts/Table.js:84:26)
    at EventHandler.emit (http://localhost:7457/scripting/engine/bin/.cache/dev/preview/bundled/index.js:109669:19)
    at Function.emitEvents (http://localhost:7457/scripting/engine/bin/.cache/dev/preview/bundled/index.js:109614:19)
    at Button._onTouchEnded (http://localhost:7457/scripting/engine/bin/.cache/dev/preview/bundled/index.js:40552:35)
    at CallbacksInvoker.emit (http://localhost:7457/scripting/engine/bin/.cache/dev/preview/bundled/index.js:109378:28)
    at NodeEventProcessor.dispatchEvent (http://localhost:7457/scripting/engine/bin/.cache/dev/preview/bundled/index.js:143649:33)
    at Node.dispatchEvent (http://localhost:7457/scripting/engine/bin/.cache/dev/preview/bundled/index.js:142170:32)
    at NodeEventProcessor._handleTouchEnd (http://localhost:7457/scripting/engine/bin/.cache/dev/preview/bundled/index.js:143932:16)
2022-05-23 23:31:17-error: [Preview]unhandledrejection: Cannot read properties of undefined (reading '_reels')
2022-05-23 23:31:17-error: [Preview]TypeError: Cannot read properties of undefined (reading '_reels')
    at http://localhost:7457/scripting/x/mods/fs/0/assets/scripts/Table.js:90:18
    at new Promise (<anonymous>)
    at Table.orderSpin (http://localhost:7457/scripting/x/mods/fs/0/assets/scripts/Table.js:89:26)
    at EventHandler.emit (http://localhost:7457/scripting/engine/bin/.cache/dev/preview/bundled/index.js:109669:19)
    at Function.emitEvents (http://localhost:7457/scripting/engine/bin/.cache/dev/preview/bundled/index.js:109614:19)
    at Button._onTouchEnded (http://localhost:7457/scripting/engine/bin/.cache/dev/preview/bundled/index.js:40552:35)
    at CallbacksInvoker.emit (http://localhost:7457/scripting/engine/bin/.cache/dev/preview/bundled/index.js:109378:28)
    at NodeEventProcessor.dispatchEvent (http://localhost:7457/scripting/engine/bin/.cache/dev/preview/bundled/index.js:143649:33)
    at Node.dispatchEvent (http://localhost:7457/scripting/engine/bin/.cache/dev/preview/bundled/index.js:142170:32)
    at NodeEventProcessor._handleTouchEnd (http://localhost:7457/scripting/engine/bin/.cache/dev/preview/bundled/index.js:143932:16)
2022-05-23 23:31:17-error: [Preview]unhandledrejection: Cannot read properties of undefined (reading '_reels')
2022-05-23 23:31:17-error: [Preview]TypeError: Cannot read properties of undefined (reading '_reels')
    at http://localhost:7457/scripting/x/mods/fs/0/assets/scripts/Table.js:95:18
    at new Promise (<anonymous>)
    at Table.orderSpin (http://localhost:7457/scripting/x/mods/fs/0/assets/scripts/Table.js:94:26)
    at EventHandler.emit (http://localhost:7457/scripting/engine/bin/.cache/dev/preview/bundled/index.js:109669:19)
    at Function.emitEvents (http://localhost:7457/scripting/engine/bin/.cache/dev/preview/bundled/index.js:109614:19)
    at Button._onTouchEnded (http://localhost:7457/scripting/engine/bin/.cache/dev/preview/bundled/index.js:40552:35)
    at CallbacksInvoker.emit (http://localhost:7457/scripting/engine/bin/.cache/dev/preview/bundled/index.js:109378:28)
    at NodeEventProcessor.dispatchEvent (http://localhost:7457/scripting/engine/bin/.cache/dev/preview/bundled/index.js:143649:33)
    at Node.dispatchEvent (http://localhost:7457/scripting/engine/bin/.cache/dev/preview/bundled/index.js:142170:32)
    at NodeEventProcessor._handleTouchEnd (http://localhost:7457/scripting/engine/bin/.cache/dev/preview/bundled/index.js:143932:16)
2022-05-23 23:31:17-error: [Preview]unhandledrejection: Cannot read properties of undefined (reading '_reels')
2022-05-23 23:31:17-error: [Preview]TypeError: Cannot read properties of undefined (reading '_reels')
    at http://localhost:7457/scripting/x/mods/fs/0/assets/scripts/Table.js:100:18
    at new Promise (<anonymous>)
    at Table.orderSpin (http://localhost:7457/scripting/x/mods/fs/0/assets/scripts/Table.js:99:26)
    at EventHandler.emit (http://localhost:7457/scripting/engine/bin/.cache/dev/preview/bundled/index.js:109669:19)
    at Function.emitEvents (http://localhost:7457/scripting/engine/bin/.cache/dev/preview/bundled/index.js:109614:19)
    at Button._onTouchEnded (http://localhost:7457/scripting/engine/bin/.cache/dev/preview/bundled/index.js:40552:35)
    at CallbacksInvoker.emit (http://localhost:7457/scripting/engine/bin/.cache/dev/preview/bundled/index.js:109378:28)
    at NodeEventProcessor.dispatchEvent (http://localhost:7457/scripting/engine/bin/.cache/dev/preview/bundled/index.js:143649:33)
    at Node.dispatchEvent (http://localhost:7457/scripting/engine/bin/.cache/dev/preview/bundled/index.js:142170:32)
    at NodeEventProcessor._handleTouchEnd (http://localhost:7457/scripting/engine/bin/.cache/dev/preview/bundled/index.js:143932:16)
2022-05-23 23:31:17-error: [Preview]unhandledrejection: Cannot read properties of undefined (reading '_reels')
2022-05-23 23:31:17-error: [Preview]TypeError: Cannot read properties of undefined (reading '_reels')
    at http://localhost:7457/scripting/x/mods/fs/0/assets/scripts/Table.js:80:18
    at new Promise (<anonymous>)
    at Table.orderSpin (http://localhost:7457/scripting/x/mods/fs/0/assets/scripts/Table.js:79:26)
    at EventHandler.emit (http://localhost:7457/scripting/engine/bin/.cache/dev/preview/bundled/index.js:109669:19)
    at Function.emitEvents (http://localhost:7457/scripting/engine/bin/.cache/dev/preview/bundled/index.js:109614:19)
    at Button._onTouchEnded (http://localhost:7457/scripting/engine/bin/.cache/dev/preview/bundled/index.js:40552:35)
    at CallbacksInvoker.emit (http://localhost:7457/scripting/engine/bin/.cache/dev/preview/bundled/index.js:109378:28)
    at NodeEventProcessor.dispatchEvent (http://localhost:7457/scripting/engine/bin/.cache/dev/preview/bundled/index.js:143649:33)
    at Node.dispatchEvent (http://localhost:7457/scripting/engine/bin/.cache/dev/preview/bundled/index.js:142170:32)
    at NodeEventProcessor._handleTouchEnd (http://localhost:7457/scripting/engine/bin/.cache/dev/preview/bundled/index.js:143932:16)
2022-05-23 23:36:04-error: [Preview]unhandledrejection: Cannot read properties of undefined (reading '_reels')
2022-05-23 23:36:04-error: [Preview]TypeError: Cannot read properties of undefined (reading '_reels')
    at http://localhost:7457/scripting/x/mods/fs/0/assets/scripts/Table.js:82:20
    at new Promise (<anonymous>)
    at promise0 (http://localhost:7457/scripting/x/mods/fs/0/assets/scripts/Table.js:81:20)
    at Table.orderSpin (http://localhost:7457/scripting/x/mods/fs/0/assets/scripts/Table.js:88:11)
    at EventHandler.emit (http://localhost:7457/scripting/engine/bin/.cache/dev/preview/bundled/index.js:109669:19)
    at Function.emitEvents (http://localhost:7457/scripting/engine/bin/.cache/dev/preview/bundled/index.js:109614:19)
    at Button._onTouchEnded (http://localhost:7457/scripting/engine/bin/.cache/dev/preview/bundled/index.js:40552:35)
    at CallbacksInvoker.emit (http://localhost:7457/scripting/engine/bin/.cache/dev/preview/bundled/index.js:109378:28)
    at NodeEventProcessor.dispatchEvent (http://localhost:7457/scripting/engine/bin/.cache/dev/preview/bundled/index.js:143649:33)
    at Node.dispatchEvent (http://localhost:7457/scripting/engine/bin/.cache/dev/preview/bundled/index.js:142170:32)
2022-05-23 23:39:02-error: Failed to load module file:///Users/fe-minhthao/Documents/test/PromiseExample/assets/scripts/Table.ts: SyntaxError: unknown: Missing semicolon (102:17)

  100 |     có thể update lại function spin, không được update Reel.ts*/
  101 |     
> 102 |     onTableStop() {
      |                  ^
  103 |         this.status.string = 'Table Stopped';
  104 |         this._listPromise = [];
  105 |     }.
2022-05-23 23:39:02-error: Failed to load module file:///Users/fe-minhthao/Documents/test/PromiseExample/assets/scripts/Table.ts: SyntaxError: unknown: Missing semicolon (102:17)

  100 |     có thể update lại function spin, không được update Reel.ts*/
  101 |     
> 102 |     onTableStop() {
      |                  ^
  103 |         this.status.string = 'Table Stopped';
  104 |         this._listPromise = [];
  105 |     }.
2022-05-23 23:39:02-warn: [Scene] Missing class: bbf30ByE4JDVLIYf+ZpWc8O
2022-05-23 23:39:02-error: [Scene] Error when checking MissingScript 7, SyntaxError: Unexpected token u in JSON at position 0
2022-05-23 23:39:02-error: [Scene] Script "bbf30ByE4JDVLIYf+ZpWc8O" attached to "Table" is missing or invalid. Detailed information:
Script UUID: "bbf30072-1382-4354-b218-7fe66959cf0e"
Class ID: "bbf30ByE4JDVLIYf+ZpWc8O"

2022-05-23 23:39:02-error: [Scene] Script "bbf30ByE4JDVLIYf+ZpWc8O" attached to "Table" is missing or invalid. Detailed information:
Script UUID: "bbf30072-1382-4354-b218-7fe66959cf0e"
Class ID: "bbf30ByE4JDVLIYf+ZpWc8O"

2022-05-23 23:39:04-error: [Preview]Unable to resolve bare specifier '__unresolved_1' from http://localhost:7457/scripting/x/mods/cce/internal/x/prerequisite-imports.js (SystemJS Error#8 https://git.io/JvFET#8)
2022-05-23 23:39:04-error: [Preview]Error: Unable to resolve bare specifier '__unresolved_1' from http://localhost:7457/scripting/x/mods/cce/internal/x/prerequisite-imports.js (SystemJS Error#8 https://git.io/JvFET#8)
    at throwUnresolved (http://localhost:7457/scripting/systemjs/system.js:696:11)
    at SystemJS.systemJSPrototype.resolve (http://localhost:7457/scripting/systemjs/system.js:692:102)
    at SystemJS.systemJSPrototype.resolve (http://localhost:7457/scripting/systemjs/system.js:1048:24)
    at http://localhost:7457/scripting/systemjs/system.js:335:39
    at Array.map (<anonymous>)
    at http://localhost:7457/scripting/systemjs/system.js:333:43
2022-05-23 23:39:05-error: [Preview]Unable to resolve bare specifier '__unresolved_1' from http://localhost:7457/scripting/x/mods/cce/internal/x/prerequisite-imports.js (SystemJS Error#8 https://git.io/JvFET#8)
2022-05-23 23:39:05-error: [Preview]Error: Unable to resolve bare specifier '__unresolved_1' from http://localhost:7457/scripting/x/mods/cce/internal/x/prerequisite-imports.js (SystemJS Error#8 https://git.io/JvFET#8)
    at throwUnresolved (http://localhost:7457/scripting/systemjs/system.js:696:11)
    at SystemJS.systemJSPrototype.resolve (http://localhost:7457/scripting/systemjs/system.js:692:102)
    at SystemJS.systemJSPrototype.resolve (http://localhost:7457/scripting/systemjs/system.js:1048:24)
    at http://localhost:7457/scripting/systemjs/system.js:335:39
    at Array.map (<anonymous>)
    at http://localhost:7457/scripting/systemjs/system.js:333:43
2022-05-23 23:42:35-error: [Preview]unhandledrejection: Cannot read properties of undefined (reading '_reels')
2022-05-23 23:42:35-error: [Preview]TypeError: Cannot read properties of undefined (reading '_reels')
    at http://localhost:7457/scripting/x/mods/fs/0/assets/scripts/Table.js:82:20
    at new Promise (<anonymous>)
    at promise0 (http://localhost:7457/scripting/x/mods/fs/0/assets/scripts/Table.js:81:20)
    at Table.orderSpin (http://localhost:7457/scripting/x/mods/fs/0/assets/scripts/Table.js:88:11)
    at EventHandler.emit (http://localhost:7457/scripting/engine/bin/.cache/dev/preview/bundled/index.js:109669:19)
    at Function.emitEvents (http://localhost:7457/scripting/engine/bin/.cache/dev/preview/bundled/index.js:109614:19)
    at Button._onTouchEnded (http://localhost:7457/scripting/engine/bin/.cache/dev/preview/bundled/index.js:40552:35)
    at CallbacksInvoker.emit (http://localhost:7457/scripting/engine/bin/.cache/dev/preview/bundled/index.js:109378:28)
    at NodeEventProcessor.dispatchEvent (http://localhost:7457/scripting/engine/bin/.cache/dev/preview/bundled/index.js:143649:33)
    at Node.dispatchEvent (http://localhost:7457/scripting/engine/bin/.cache/dev/preview/bundled/index.js:142170:32)
2022-05-23 23:44:22-error: [Preview]unhandledrejection: Cannot read properties of undefined (reading 'startSpin')
2022-05-23 23:44:22-error: [Preview]TypeError: Cannot read properties of undefined (reading 'startSpin')
    at http://localhost:7457/scripting/x/mods/fs/0/assets/scripts/Table.js:90:24
    at new Promise (<anonymous>)
    at promise1 (http://localhost:7457/scripting/x/mods/fs/0/assets/scripts/Table.js:89:20)
2022-05-23 23:48:47-error: [Preview]unhandledrejection: Cannot read properties of undefined (reading 'startSpin')
2022-05-23 23:48:47-error: [Preview]TypeError: Cannot read properties of undefined (reading 'startSpin')
    at http://localhost:7457/scripting/x/mods/fs/0/assets/scripts/Table.js:90:24
    at new Promise (<anonymous>)
    at promise1 (http://localhost:7457/scripting/x/mods/fs/0/assets/scripts/Table.js:89:20)
2022-05-24 00:01:45-error: [Preview]Uncaught TypeError: Cannot read properties of undefined (reading 'message') in http://localhost:7457/preview-app/index.js
